2025-10-15 00:25:42,896 - pyskl - INFO - Environment info:
------------------------------------------------------------
sys.platform: linux
Python: 3.7.11 (default, Jul 27 2021, 14:32:16) [GCC 7.5.0]
CUDA available: True
GPU 0: NVIDIA A100 80GB PCIe
CUDA_HOME: /usr/local/cuda
NVCC: Cuda compilation tools, release 12.9, V12.9.86
GCC: gcc (GCC) 11.2.0
PyTorch: 1.11.0
PyTorch compiling details: PyTorch built with:
  - GCC 7.3
  - C++ Version: 201402
  - Intel(R) oneAPI Math Kernel Library Version 2021.4-Product Build 20210904 for Intel(R) 64 architecture applications
  - Intel(R) MKL-DNN v2.5.2 (Git Hash a9302535553c73243c632ad3c4c80beec3d19a1e)
  - OpenMP 201511 (a.k.a. OpenMP 4.5)
  - LAPACK is enabled (usually provided by MKL)
  - NNPACK is enabled
  - CPU capability usage: AVX2
  - CUDA Runtime 11.3
  - NVCC architecture flags: -gencode;arch=compute_37,code=sm_37;-gencode;arch=compute_50,code=sm_50;-gencode;arch=compute_60,code=sm_60;-gencode;arch=compute_61,code=sm_61;-gencode;arch=compute_70,code=sm_70;-gencode;arch=compute_75,code=sm_75;-gencode;arch=compute_80,code=sm_80;-gencode;arch=compute_86,code=sm_86;-gencode;arch=compute_37,code=compute_37
  - CuDNN 8.2
  - Magma 2.5.2
  - Build settings: BLAS_INFO=mkl, BUILD_TYPE=Release, CUDA_VERSION=11.3, CUDNN_VERSION=8.2.0, CXX_COMPILER=/opt/rh/devtoolset-7/root/usr/bin/c++, CXX_FLAGS= -Wno-deprecated -fvisibility-inlines-hidden -DUSE_PTHREADPOOL -fopenmp -DNDEBUG -DUSE_KINETO -DUSE_FBGEMM -DUSE_QNNPACK -DUSE_PYTORCH_QNNPACK -DUSE_XNNPACK -DSYMBOLICATE_MOBILE_DEBUG_HANDLE -DEDGE_PROFILER_USE_KINETO -O2 -fPIC -Wno-narrowing -Wall -Wextra -Werror=return-type -Wno-missing-field-initializers -Wno-type-limits -Wno-array-bounds -Wno-unknown-pragmas -Wno-sign-compare -Wno-unused-parameter -Wno-unused-function -Wno-unused-result -Wno-unused-local-typedefs -Wno-strict-overflow -Wno-strict-aliasing -Wno-error=deprecated-declarations -Wno-stringop-overflow -Wno-psabi -Wno-error=pedantic -Wno-error=redundant-decls -Wno-error=old-style-cast -fdiagnostics-color=always -faligned-new -Wno-unused-but-set-variable -Wno-maybe-uninitialized -fno-math-errno -fno-trapping-math -Werror=format -Wno-stringop-overflow, LAPACK_INFO=mkl, PERF_WITH_AVX=1, PERF_WITH_AVX2=1, PERF_WITH_AVX512=1, TORCH_VERSION=1.11.0, USE_CUDA=ON, USE_CUDNN=ON, USE_EXCEPTION_PTR=1, USE_GFLAGS=OFF, USE_GLOG=OFF, USE_MKL=ON, USE_MKLDNN=OFF, USE_MPI=OFF, USE_NCCL=ON, USE_NNPACK=ON, USE_OPENMP=ON, USE_ROCM=OFF, 

TorchVision: 0.12.0
OpenCV: 4.12.0
MMCV: 1.5.0
MMCV Compiler: GCC 7.3
MMCV CUDA Compiler: 11.3
pyskl: 0.1.0+3f6795f
------------------------------------------------------------

2025-10-15 00:25:43,000 - pyskl - INFO - Config: model = dict(
    type='RecognizerGCN',
    backbone=dict(
        type='AAGCN',
        num_person=1,
        graph_cfg=dict(layout='coco', mode='spatial')),
    cls_head=dict(type='GCNHead', num_classes=5, in_channels=256))
dataset_type = 'PoseDataset'
ann_file = '../Data/InfActPrimitive/2d/InfAct_plus_withZ_noscore.pkl'
train_pipeline = [
    dict(type='PreNormalize3D'),
    dict(type='GenSkeFeat', dataset='coco', feats=['j']),
    dict(type='UniformSample', clip_len=48),
    dict(type='PoseDecode'),
    dict(type='FormatGCNInput', num_person=1),
    dict(type='Collect', keys=['keypoint', 'label'], meta_keys=[]),
    dict(type='ToTensor', keys=['keypoint'])
]
val_pipeline = [
    dict(type='PreNormalize3D'),
    dict(type='GenSkeFeat', dataset='coco', feats=['j']),
    dict(type='UniformSample', clip_len=48, num_clips=1),
    dict(type='PoseDecode'),
    dict(type='FormatGCNInput', num_person=1),
    dict(type='Collect', keys=['keypoint', 'label'], meta_keys=[]),
    dict(type='ToTensor', keys=['keypoint'])
]
test_pipeline = [
    dict(type='PreNormalize3D'),
    dict(type='GenSkeFeat', dataset='coco', feats=['j']),
    dict(type='UniformSample', clip_len=48, num_clips=10),
    dict(type='PoseDecode'),
    dict(type='FormatGCNInput', num_person=1),
    dict(type='Collect', keys=['keypoint', 'label'], meta_keys=[]),
    dict(type='ToTensor', keys=['keypoint'])
]
data = dict(
    videos_per_gpu=32,
    workers_per_gpu=4,
    test_dataloader=dict(videos_per_gpu=1),
    train=dict(
        type='RepeatDataset',
        times=10,
        dataset=dict(
            type='PoseDataset',
            ann_file='../Data/InfActPrimitive/2d/InfAct_plus_withZ_noscore.pkl',
            pipeline=[
                dict(type='PreNormalize3D'),
                dict(type='GenSkeFeat', dataset='coco', feats=['j']),
                dict(type='UniformSample', clip_len=48),
                dict(type='PoseDecode'),
                dict(type='FormatGCNInput', num_person=1),
                dict(type='Collect', keys=['keypoint', 'label'], meta_keys=[]),
                dict(type='ToTensor', keys=['keypoint'])
            ],
            split='train')),
    val=dict(
        type='PoseDataset',
        ann_file='../Data/InfActPrimitive/2d/InfAct_plus_withZ_noscore.pkl',
        pipeline=[
            dict(type='PreNormalize3D'),
            dict(type='GenSkeFeat', dataset='coco', feats=['j']),
            dict(type='UniformSample', clip_len=48, num_clips=1),
            dict(type='PoseDecode'),
            dict(type='FormatGCNInput', num_person=1),
            dict(type='Collect', keys=['keypoint', 'label'], meta_keys=[]),
            dict(type='ToTensor', keys=['keypoint'])
        ],
        split='val'),
    test=dict(
        type='PoseDataset',
        ann_file='../Data/InfActPrimitive/2d/InfAct_plus_withZ_noscore.pkl',
        pipeline=[
            dict(type='PreNormalize3D'),
            dict(type='GenSkeFeat', dataset='coco', feats=['j']),
            dict(type='UniformSample', clip_len=48, num_clips=10),
            dict(type='PoseDecode'),
            dict(type='FormatGCNInput', num_person=1),
            dict(type='Collect', keys=['keypoint', 'label'], meta_keys=[]),
            dict(type='ToTensor', keys=['keypoint'])
        ],
        split='val'))
optimizer = dict(
    type='SGD', lr=0.1, momentum=0.9, weight_decay=0.0005, nesterov=True)
optimizer_config = dict(grad_clip=None)
lr_config = dict(policy='CosineAnnealing', min_lr=0, by_epoch=False)
total_epochs = 24
checkpoint_config = dict(interval=1)
evaluation = dict(
    interval=1, metrics=['top_k_accuracy', 'mean_class_accuracy'])
log_config = dict(interval=100, hooks=[dict(type='TextLoggerHook')])
log_level = 'INFO'
work_dir = './work_dirs/aagcn/aagcn_pyskl_infact2d_2dkp/j'
dist_params = dict(backend='nccl')
gpu_ids = range(0, 1)

2025-10-15 00:25:43,001 - pyskl - INFO - Set random seed to 718592814, deterministic: False
2025-10-15 00:25:43,091 - pyskl - INFO - 400 videos remain after valid thresholding
2025-10-15 00:25:46,046 - pyskl - INFO - Start running, host: yg3030@a100-4003, work_dir: /gpfs/scratch/yg3030/Video-Based-Infant-Action-Recognition/pyskl/work_dirs/aagcn/aagcn_pyskl_infact2d_2dkp/j
2025-10-15 00:25:46,046 - pyskl - INFO - Hooks will be executed in the following order:
before_run:
(VERY_HIGH   ) CosineAnnealingLrUpdaterHook       
(NORMAL      ) CheckpointHook                     
(VERY_LOW    ) TextLoggerHook                     
 -------------------- 
before_train_epoch:
(VERY_HIGH   ) CosineAnnealingLrUpdaterHook       
(NORMAL      ) DistSamplerSeedHook                
(LOW         ) IterTimerHook                      
(VERY_LOW    ) TextLoggerHook                     
 -------------------- 
before_train_iter:
(VERY_HIGH   ) CosineAnnealingLrUpdaterHook       
(LOW         ) IterTimerHook                      
 -------------------- 
after_train_iter:
(ABOVE_NORMAL) OptimizerHook                      
(NORMAL      ) CheckpointHook                     
(LOW         ) IterTimerHook                      
(VERY_LOW    ) TextLoggerHook                     
 -------------------- 
after_train_epoch:
(NORMAL      ) CheckpointHook                     
(VERY_LOW    ) TextLoggerHook                     
 -------------------- 
before_val_epoch:
(NORMAL      ) DistSamplerSeedHook                
(LOW         ) IterTimerHook                      
(VERY_LOW    ) TextLoggerHook                     
 -------------------- 
before_val_iter:
(LOW         ) IterTimerHook                      
 -------------------- 
after_val_iter:
(LOW         ) IterTimerHook                      
 -------------------- 
after_val_epoch:
(VERY_LOW    ) TextLoggerHook                     
 -------------------- 
after_run:
(VERY_LOW    ) TextLoggerHook                     
 -------------------- 
2025-10-15 00:25:46,046 - pyskl - INFO - workflow: [('train', 1)], max: 24 epochs
2025-10-15 00:25:46,046 - pyskl - INFO - Checkpoints will be saved to /gpfs/scratch/yg3030/Video-Based-Infant-Action-Recognition/pyskl/work_dirs/aagcn/aagcn_pyskl_infact2d_2dkp/j by HardDiskBackend.
2025-10-15 00:26:09,429 - pyskl - INFO - Epoch [1][100/125]	lr: 9.973e-02, eta: 0:11:17, time: 0.234, data_time: 0.132, memory: 1002, top1_acc: 0.3425, top5_acc: 1.0000, loss_cls: 1.7435, loss: 1.7435
2025-10-15 00:26:12,553 - pyskl - INFO - Saving checkpoint at 1 epochs
2025-10-15 00:26:33,838 - pyskl - INFO - Epoch [2][100/125]	lr: 9.863e-02, eta: 0:09:09, time: 0.212, data_time: 0.125, memory: 1002, top1_acc: 0.5209, top5_acc: 1.0000, loss_cls: 1.2142, loss: 1.2142
2025-10-15 00:26:36,870 - pyskl - INFO - Saving checkpoint at 2 epochs
2025-10-15 00:26:57,989 - pyskl - INFO - Epoch [3][100/125]	lr: 9.670e-02, eta: 0:08:16, time: 0.210, data_time: 0.126, memory: 1002, top1_acc: 0.5953, top5_acc: 1.0000, loss_cls: 1.0145, loss: 1.0145
2025-10-15 00:27:01,401 - pyskl - INFO - Saving checkpoint at 3 epochs
2025-10-15 00:27:23,296 - pyskl - INFO - Epoch [4][100/125]	lr: 9.397e-02, eta: 0:07:44, time: 0.218, data_time: 0.129, memory: 1002, top1_acc: 0.6950, top5_acc: 1.0000, loss_cls: 0.8142, loss: 0.8142
2025-10-15 00:27:26,305 - pyskl - INFO - Saving checkpoint at 4 epochs
2025-10-15 00:27:48,082 - pyskl - INFO - Epoch [5][100/125]	lr: 9.048e-02, eta: 0:07:16, time: 0.217, data_time: 0.128, memory: 1002, top1_acc: 0.7672, top5_acc: 1.0000, loss_cls: 0.6460, loss: 0.6460
2025-10-15 00:27:51,352 - pyskl - INFO - Saving checkpoint at 5 epochs
2025-10-15 00:28:13,084 - pyskl - INFO - Epoch [6][100/125]	lr: 8.630e-02, eta: 0:06:50, time: 0.216, data_time: 0.130, memory: 1002, top1_acc: 0.7913, top5_acc: 1.0000, loss_cls: 0.5883, loss: 0.5883
2025-10-15 00:28:16,190 - pyskl - INFO - Saving checkpoint at 6 epochs
2025-10-15 00:28:38,155 - pyskl - INFO - Epoch [7][100/125]	lr: 8.151e-02, eta: 0:06:25, time: 0.219, data_time: 0.134, memory: 1002, top1_acc: 0.8378, top5_acc: 1.0000, loss_cls: 0.4720, loss: 0.4720
2025-10-15 00:28:41,202 - pyskl - INFO - Saving checkpoint at 7 epochs
2025-10-15 00:29:02,806 - pyskl - INFO - Epoch [8][100/125]	lr: 7.617e-02, eta: 0:06:01, time: 0.215, data_time: 0.128, memory: 1002, top1_acc: 0.8609, top5_acc: 1.0000, loss_cls: 0.3986, loss: 0.3986
2025-10-15 00:29:05,948 - pyskl - INFO - Saving checkpoint at 8 epochs
2025-10-15 00:29:27,663 - pyskl - INFO - Epoch [9][100/125]	lr: 7.038e-02, eta: 0:05:38, time: 0.216, data_time: 0.129, memory: 1002, top1_acc: 0.8731, top5_acc: 1.0000, loss_cls: 0.3638, loss: 0.3638
2025-10-15 00:29:30,688 - pyskl - INFO - Saving checkpoint at 9 epochs
2025-10-15 00:29:52,323 - pyskl - INFO - Epoch [10][100/125]	lr: 6.425e-02, eta: 0:05:14, time: 0.215, data_time: 0.129, memory: 1002, top1_acc: 0.8925, top5_acc: 1.0000, loss_cls: 0.3216, loss: 0.3216
2025-10-15 00:29:55,550 - pyskl - INFO - Saving checkpoint at 10 epochs
2025-10-15 00:30:17,501 - pyskl - INFO - Epoch [11][100/125]	lr: 5.787e-02, eta: 0:04:52, time: 0.219, data_time: 0.132, memory: 1002, top1_acc: 0.9094, top5_acc: 1.0000, loss_cls: 0.2567, loss: 0.2567
2025-10-15 00:30:20,571 - pyskl - INFO - Saving checkpoint at 11 epochs
2025-10-15 00:30:42,214 - pyskl - INFO - Epoch [12][100/125]	lr: 5.136e-02, eta: 0:04:29, time: 0.216, data_time: 0.131, memory: 1002, top1_acc: 0.9259, top5_acc: 1.0000, loss_cls: 0.2094, loss: 0.2094
2025-10-15 00:30:45,377 - pyskl - INFO - Saving checkpoint at 12 epochs
2025-10-15 00:31:07,230 - pyskl - INFO - Epoch [13][100/125]	lr: 4.483e-02, eta: 0:04:07, time: 0.218, data_time: 0.130, memory: 1002, top1_acc: 0.9234, top5_acc: 1.0000, loss_cls: 0.2264, loss: 0.2264
2025-10-15 00:31:10,860 - pyskl - INFO - Saving checkpoint at 13 epochs
2025-10-15 00:31:32,853 - pyskl - INFO - Epoch [14][100/125]	lr: 3.838e-02, eta: 0:03:44, time: 0.219, data_time: 0.129, memory: 1002, top1_acc: 0.9516, top5_acc: 1.0000, loss_cls: 0.1414, loss: 0.1414
2025-10-15 00:31:36,525 - pyskl - INFO - Saving checkpoint at 14 epochs
2025-10-15 00:31:58,259 - pyskl - INFO - Epoch [15][100/125]	lr: 3.213e-02, eta: 0:03:22, time: 0.216, data_time: 0.128, memory: 1002, top1_acc: 0.9594, top5_acc: 1.0000, loss_cls: 0.1199, loss: 0.1199
2025-10-15 00:32:01,248 - pyskl - INFO - Saving checkpoint at 15 epochs
2025-10-15 00:32:23,210 - pyskl - INFO - Epoch [16][100/125]	lr: 2.619e-02, eta: 0:03:00, time: 0.219, data_time: 0.132, memory: 1002, top1_acc: 0.9591, top5_acc: 1.0000, loss_cls: 0.1209, loss: 0.1209
2025-10-15 00:32:26,405 - pyskl - INFO - Saving checkpoint at 16 epochs
2025-10-15 00:32:48,279 - pyskl - INFO - Epoch [17][100/125]	lr: 2.065e-02, eta: 0:02:38, time: 0.218, data_time: 0.130, memory: 1002, top1_acc: 0.9766, top5_acc: 1.0000, loss_cls: 0.0806, loss: 0.0806
2025-10-15 00:32:51,252 - pyskl - INFO - Saving checkpoint at 17 epochs
2025-10-15 00:33:13,045 - pyskl - INFO - Epoch [18][100/125]	lr: 1.562e-02, eta: 0:02:16, time: 0.217, data_time: 0.130, memory: 1002, top1_acc: 0.9806, top5_acc: 1.0000, loss_cls: 0.0606, loss: 0.0606
2025-10-15 00:33:16,027 - pyskl - INFO - Saving checkpoint at 18 epochs
2025-10-15 00:33:37,792 - pyskl - INFO - Epoch [19][100/125]	lr: 1.118e-02, eta: 0:01:54, time: 0.217, data_time: 0.130, memory: 1002, top1_acc: 0.9834, top5_acc: 1.0000, loss_cls: 0.0471, loss: 0.0471
2025-10-15 00:33:41,038 - pyskl - INFO - Saving checkpoint at 19 epochs
2025-10-15 00:34:02,710 - pyskl - INFO - Epoch [20][100/125]	lr: 7.395e-03, eta: 0:01:32, time: 0.216, data_time: 0.129, memory: 1002, top1_acc: 0.9822, top5_acc: 1.0000, loss_cls: 0.0525, loss: 0.0525
2025-10-15 00:34:05,841 - pyskl - INFO - Saving checkpoint at 20 epochs
2025-10-15 00:34:27,275 - pyskl - INFO - Epoch [21][100/125]	lr: 4.344e-03, eta: 0:01:10, time: 0.213, data_time: 0.127, memory: 1002, top1_acc: 0.9847, top5_acc: 1.0000, loss_cls: 0.0519, loss: 0.0519
2025-10-15 00:34:30,276 - pyskl - INFO - Saving checkpoint at 21 epochs
2025-10-15 00:34:52,046 - pyskl - INFO - Epoch [22][100/125]	lr: 2.074e-03, eta: 0:00:48, time: 0.217, data_time: 0.132, memory: 1002, top1_acc: 0.9894, top5_acc: 1.0000, loss_cls: 0.0379, loss: 0.0379
2025-10-15 00:34:55,032 - pyskl - INFO - Saving checkpoint at 22 epochs
2025-10-15 00:35:16,940 - pyskl - INFO - Epoch [23][100/125]	lr: 6.238e-04, eta: 0:00:26, time: 0.218, data_time: 0.130, memory: 1002, top1_acc: 0.9916, top5_acc: 1.0000, loss_cls: 0.0291, loss: 0.0291
2025-10-15 00:35:20,511 - pyskl - INFO - Saving checkpoint at 23 epochs
2025-10-15 00:35:42,483 - pyskl - INFO - Epoch [24][100/125]	lr: 1.853e-05, eta: 0:00:04, time: 0.219, data_time: 0.129, memory: 1002, top1_acc: 0.9894, top5_acc: 1.0000, loss_cls: 0.0353, loss: 0.0353
2025-10-15 00:35:46,010 - pyskl - INFO - Saving checkpoint at 24 epochs
