2025-10-14 19:36:35,546 - pyskl - INFO - Environment info:
------------------------------------------------------------
sys.platform: linux
Python: 3.7.11 (default, Jul 27 2021, 14:32:16) [GCC 7.5.0]
CUDA available: True
GPU 0: NVIDIA A100 80GB PCIe
CUDA_HOME: None
GCC: gcc (GCC) 11.2.0
PyTorch: 1.11.0
PyTorch compiling details: PyTorch built with:
  - GCC 7.3
  - C++ Version: 201402
  - Intel(R) oneAPI Math Kernel Library Version 2021.4-Product Build 20210904 for Intel(R) 64 architecture applications
  - Intel(R) MKL-DNN v2.5.2 (Git Hash a9302535553c73243c632ad3c4c80beec3d19a1e)
  - OpenMP 201511 (a.k.a. OpenMP 4.5)
  - LAPACK is enabled (usually provided by MKL)
  - NNPACK is enabled
  - CPU capability usage: AVX2
  - CUDA Runtime 11.3
  - NVCC architecture flags: -gencode;arch=compute_37,code=sm_37;-gencode;arch=compute_50,code=sm_50;-gencode;arch=compute_60,code=sm_60;-gencode;arch=compute_61,code=sm_61;-gencode;arch=compute_70,code=sm_70;-gencode;arch=compute_75,code=sm_75;-gencode;arch=compute_80,code=sm_80;-gencode;arch=compute_86,code=sm_86;-gencode;arch=compute_37,code=compute_37
  - CuDNN 8.2
  - Magma 2.5.2
  - Build settings: BLAS_INFO=mkl, BUILD_TYPE=Release, CUDA_VERSION=11.3, CUDNN_VERSION=8.2.0, CXX_COMPILER=/opt/rh/devtoolset-7/root/usr/bin/c++, CXX_FLAGS= -Wno-deprecated -fvisibility-inlines-hidden -DUSE_PTHREADPOOL -fopenmp -DNDEBUG -DUSE_KINETO -DUSE_FBGEMM -DUSE_QNNPACK -DUSE_PYTORCH_QNNPACK -DUSE_XNNPACK -DSYMBOLICATE_MOBILE_DEBUG_HANDLE -DEDGE_PROFILER_USE_KINETO -O2 -fPIC -Wno-narrowing -Wall -Wextra -Werror=return-type -Wno-missing-field-initializers -Wno-type-limits -Wno-array-bounds -Wno-unknown-pragmas -Wno-sign-compare -Wno-unused-parameter -Wno-unused-function -Wno-unused-result -Wno-unused-local-typedefs -Wno-strict-overflow -Wno-strict-aliasing -Wno-error=deprecated-declarations -Wno-stringop-overflow -Wno-psabi -Wno-error=pedantic -Wno-error=redundant-decls -Wno-error=old-style-cast -fdiagnostics-color=always -faligned-new -Wno-unused-but-set-variable -Wno-maybe-uninitialized -fno-math-errno -fno-trapping-math -Werror=format -Wno-stringop-overflow, LAPACK_INFO=mkl, PERF_WITH_AVX=1, PERF_WITH_AVX2=1, PERF_WITH_AVX512=1, TORCH_VERSION=1.11.0, USE_CUDA=ON, USE_CUDNN=ON, USE_EXCEPTION_PTR=1, USE_GFLAGS=OFF, USE_GLOG=OFF, USE_MKL=ON, USE_MKLDNN=OFF, USE_MPI=OFF, USE_NCCL=ON, USE_NNPACK=ON, USE_OPENMP=ON, USE_ROCM=OFF, 

TorchVision: 0.12.0
OpenCV: 4.12.0
MMCV: 1.5.0
MMCV Compiler: GCC 7.3
MMCV CUDA Compiler: 11.3
pyskl: 0.1.0+3f6795f
------------------------------------------------------------

2025-10-14 19:36:35,863 - pyskl - INFO - Config: model = dict(
    type='Recognizer3D',
    backbone=dict(
        type='C3D',
        in_channels=17,
        base_channels=32,
        num_stages=3,
        temporal_downsample=False),
    cls_head=dict(type='I3DHead', in_channels=256, num_classes=5, dropout=0.5),
    test_cfg=dict(average_clips='prob'))
dataset_type = 'PoseDataset'
ann_file = '../Data/InfActPrimitive/2d/InfAct_plus.pkl'
left_kp = [1, 3, 5, 7, 9, 11, 13, 15]
right_kp = [2, 4, 6, 8, 10, 12, 14, 16]
train_pipeline = [
    dict(type='UniformSampleFrames', clip_len=48),
    dict(type='PoseDecode'),
    dict(type='PoseCompact', hw_ratio=1.0, allow_imgpad=True),
    dict(type='Resize', scale=(-1, 64)),
    dict(type='RandomResizedCrop', area_range=(0.56, 1.0)),
    dict(type='Resize', scale=(56, 56), keep_ratio=False),
    dict(
        type='Flip',
        flip_ratio=0.5,
        left_kp=[1, 3, 5, 7, 9, 11, 13, 15],
        right_kp=[2, 4, 6, 8, 10, 12, 14, 16]),
    dict(type='GeneratePoseTarget', with_kp=True, with_limb=False),
    dict(type='FormatShape', input_format='NCTHW_Heatmap'),
    dict(type='Collect', keys=['imgs', 'label'], meta_keys=[]),
    dict(type='ToTensor', keys=['imgs', 'label'])
]
val_pipeline = [
    dict(type='UniformSampleFrames', clip_len=48, num_clips=1),
    dict(type='PoseDecode'),
    dict(type='PoseCompact', hw_ratio=1.0, allow_imgpad=True),
    dict(type='Resize', scale=(64, 64), keep_ratio=False),
    dict(type='GeneratePoseTarget', with_kp=True, with_limb=False),
    dict(type='FormatShape', input_format='NCTHW_Heatmap'),
    dict(type='Collect', keys=['imgs', 'label'], meta_keys=[]),
    dict(type='ToTensor', keys=['imgs'])
]
test_pipeline = [
    dict(type='UniformSampleFrames', clip_len=48, num_clips=10),
    dict(type='PoseDecode'),
    dict(type='PoseCompact', hw_ratio=1.0, allow_imgpad=True),
    dict(type='Resize', scale=(64, 64), keep_ratio=False),
    dict(
        type='GeneratePoseTarget',
        with_kp=True,
        with_limb=False,
        double=True,
        left_kp=[1, 3, 5, 7, 9, 11, 13, 15],
        right_kp=[2, 4, 6, 8, 10, 12, 14, 16]),
    dict(type='FormatShape', input_format='NCTHW_Heatmap'),
    dict(type='Collect', keys=['imgs', 'label'], meta_keys=[]),
    dict(type='ToTensor', keys=['imgs'])
]
data = dict(
    videos_per_gpu=32,
    workers_per_gpu=4,
    test_dataloader=dict(videos_per_gpu=1),
    train=dict(
        type='RepeatDataset',
        times=10,
        dataset=dict(
            type='PoseDataset',
            ann_file='../Data/InfActPrimitive/2d/InfAct_plus.pkl',
            split='train',
            pipeline=[
                dict(type='UniformSampleFrames', clip_len=48),
                dict(type='PoseDecode'),
                dict(type='PoseCompact', hw_ratio=1.0, allow_imgpad=True),
                dict(type='Resize', scale=(-1, 64)),
                dict(type='RandomResizedCrop', area_range=(0.56, 1.0)),
                dict(type='Resize', scale=(56, 56), keep_ratio=False),
                dict(
                    type='Flip',
                    flip_ratio=0.5,
                    left_kp=[1, 3, 5, 7, 9, 11, 13, 15],
                    right_kp=[2, 4, 6, 8, 10, 12, 14, 16]),
                dict(type='GeneratePoseTarget', with_kp=True, with_limb=False),
                dict(type='FormatShape', input_format='NCTHW_Heatmap'),
                dict(type='Collect', keys=['imgs', 'label'], meta_keys=[]),
                dict(type='ToTensor', keys=['imgs', 'label'])
            ])),
    val=dict(
        type='PoseDataset',
        ann_file='../Data/InfActPrimitive/2d/InfAct_plus.pkl',
        split='val',
        pipeline=[
            dict(type='UniformSampleFrames', clip_len=48, num_clips=1),
            dict(type='PoseDecode'),
            dict(type='PoseCompact', hw_ratio=1.0, allow_imgpad=True),
            dict(type='Resize', scale=(64, 64), keep_ratio=False),
            dict(type='GeneratePoseTarget', with_kp=True, with_limb=False),
            dict(type='FormatShape', input_format='NCTHW_Heatmap'),
            dict(type='Collect', keys=['imgs', 'label'], meta_keys=[]),
            dict(type='ToTensor', keys=['imgs'])
        ]),
    test=dict(
        type='PoseDataset',
        ann_file='../Data/InfActPrimitive/2d/InfAct_plus.pkl',
        split='val',
        pipeline=[
            dict(type='UniformSampleFrames', clip_len=48, num_clips=10),
            dict(type='PoseDecode'),
            dict(type='PoseCompact', hw_ratio=1.0, allow_imgpad=True),
            dict(type='Resize', scale=(64, 64), keep_ratio=False),
            dict(
                type='GeneratePoseTarget',
                with_kp=True,
                with_limb=False,
                double=True,
                left_kp=[1, 3, 5, 7, 9, 11, 13, 15],
                right_kp=[2, 4, 6, 8, 10, 12, 14, 16]),
            dict(type='FormatShape', input_format='NCTHW_Heatmap'),
            dict(type='Collect', keys=['imgs', 'label'], meta_keys=[]),
            dict(type='ToTensor', keys=['imgs'])
        ]))
optimizer = dict(type='SGD', lr=0.4, momentum=0.9, weight_decay=0.0003)
optimizer_config = dict(grad_clip=dict(max_norm=40, norm_type=2))
lr_config = dict(policy='CosineAnnealing', by_epoch=False, min_lr=0)
total_epochs = 24
checkpoint_config = dict(interval=1)
evaluation = dict(
    interval=1, metrics=['top_k_accuracy', 'mean_class_accuracy'], topk=(1, 5))
log_config = dict(interval=20, hooks=[dict(type='TextLoggerHook')])
log_level = 'INFO'
work_dir = './work_dirs/posec3d/c3d_light_infact2d/joint'
dist_params = dict(backend='nccl')
gpu_ids = range(0, 1)

2025-10-14 19:36:35,865 - pyskl - INFO - Set random seed to 480653250, deterministic: False
2025-10-14 19:36:35,952 - pyskl - INFO - 400 videos remain after valid thresholding
2025-10-14 19:36:39,440 - pyskl - INFO - Start running, host: yg3030@a100-4005, work_dir: /gpfs/scratch/yg3030/Video-Based-Infant-Action-Recognition/pyskl/work_dirs/posec3d/c3d_light_infact2d/joint
2025-10-14 19:36:39,441 - pyskl - INFO - Hooks will be executed in the following order:
before_run:
(VERY_HIGH   ) CosineAnnealingLrUpdaterHook       
(NORMAL      ) CheckpointHook                     
(VERY_LOW    ) TextLoggerHook                     
 -------------------- 
before_train_epoch:
(VERY_HIGH   ) CosineAnnealingLrUpdaterHook       
(NORMAL      ) DistSamplerSeedHook                
(LOW         ) IterTimerHook                      
(VERY_LOW    ) TextLoggerHook                     
 -------------------- 
before_train_iter:
(VERY_HIGH   ) CosineAnnealingLrUpdaterHook       
(LOW         ) IterTimerHook                      
 -------------------- 
after_train_iter:
(ABOVE_NORMAL) OptimizerHook                      
(NORMAL      ) CheckpointHook                     
(LOW         ) IterTimerHook                      
(VERY_LOW    ) TextLoggerHook                     
 -------------------- 
after_train_epoch:
(NORMAL      ) CheckpointHook                     
(VERY_LOW    ) TextLoggerHook                     
 -------------------- 
before_val_epoch:
(NORMAL      ) DistSamplerSeedHook                
(LOW         ) IterTimerHook                      
(VERY_LOW    ) TextLoggerHook                     
 -------------------- 
before_val_iter:
(LOW         ) IterTimerHook                      
 -------------------- 
after_val_iter:
(LOW         ) IterTimerHook                      
 -------------------- 
after_val_epoch:
(VERY_LOW    ) TextLoggerHook                     
 -------------------- 
after_run:
(VERY_LOW    ) TextLoggerHook                     
 -------------------- 
2025-10-14 19:36:39,441 - pyskl - INFO - workflow: [('train', 1)], max: 24 epochs
2025-10-14 19:36:39,441 - pyskl - INFO - Checkpoints will be saved to /gpfs/scratch/yg3030/Video-Based-Infant-Action-Recognition/pyskl/work_dirs/posec3d/c3d_light_infact2d/joint by HardDiskBackend.
2025-10-14 19:37:05,669 - pyskl - INFO - Epoch [1][20/125]	lr: 4.000e-01, eta: 1:05:07, time: 1.311, data_time: 1.052, memory: 3644, top1_acc: 0.2547, top5_acc: 1.0000, loss_cls: 2.4253, loss: 2.4253, grad_norm: 2.2071
2025-10-14 19:37:15,207 - pyskl - INFO - Epoch [1][40/125]	lr: 3.998e-01, eta: 0:44:06, time: 0.477, data_time: 0.349, memory: 3644, top1_acc: 0.3516, top5_acc: 1.0000, loss_cls: 1.5868, loss: 1.5868, grad_norm: 0.5574
2025-10-14 19:37:23,477 - pyskl - INFO - Epoch [1][60/125]	lr: 3.996e-01, eta: 0:35:57, time: 0.414, data_time: 0.266, memory: 3644, top1_acc: 0.3500, top5_acc: 1.0000, loss_cls: 1.4572, loss: 1.4572, grad_norm: 0.3314
2025-10-14 19:37:32,436 - pyskl - INFO - Epoch [1][80/125]	lr: 3.993e-01, eta: 0:32:14, time: 0.448, data_time: 0.306, memory: 3644, top1_acc: 0.3312, top5_acc: 1.0000, loss_cls: 1.4376, loss: 1.4376, grad_norm: 0.3611
2025-10-14 19:37:41,013 - pyskl - INFO - Epoch [1][100/125]	lr: 3.989e-01, eta: 0:29:45, time: 0.429, data_time: 0.301, memory: 3644, top1_acc: 0.4344, top5_acc: 1.0000, loss_cls: 1.3209, loss: 1.3209, grad_norm: 0.4609
2025-10-14 19:37:50,122 - pyskl - INFO - Epoch [1][120/125]	lr: 3.984e-01, eta: 0:28:16, time: 0.455, data_time: 0.333, memory: 3644, top1_acc: 0.4859, top5_acc: 1.0000, loss_cls: 1.2682, loss: 1.2682, grad_norm: 0.6306
2025-10-14 19:37:52,303 - pyskl - INFO - Saving checkpoint at 1 epochs
2025-10-14 19:38:15,711 - pyskl - INFO - Epoch [2][20/125]	lr: 3.977e-01, eta: 0:30:51, time: 1.168, data_time: 1.053, memory: 3644, top1_acc: 0.5625, top5_acc: 1.0000, loss_cls: 1.1085, loss: 1.1085, grad_norm: 0.5577
2025-10-14 19:38:25,607 - pyskl - INFO - Epoch [2][40/125]	lr: 3.971e-01, eta: 0:29:45, time: 0.495, data_time: 0.391, memory: 3644, top1_acc: 0.5734, top5_acc: 1.0000, loss_cls: 1.0777, loss: 1.0777, grad_norm: 0.6947
2025-10-14 19:38:34,585 - pyskl - INFO - Epoch [2][60/125]	lr: 3.963e-01, eta: 0:28:38, time: 0.449, data_time: 0.308, memory: 3644, top1_acc: 0.6359, top5_acc: 1.0000, loss_cls: 0.9769, loss: 0.9769, grad_norm: 0.5793
2025-10-14 19:38:43,033 - pyskl - INFO - Epoch [2][80/125]	lr: 3.955e-01, eta: 0:27:34, time: 0.422, data_time: 0.295, memory: 3644, top1_acc: 0.6828, top5_acc: 1.0000, loss_cls: 0.8699, loss: 0.8699, grad_norm: 0.6588
2025-10-14 19:38:52,194 - pyskl - INFO - Epoch [2][100/125]	lr: 3.945e-01, eta: 0:26:49, time: 0.458, data_time: 0.336, memory: 3644, top1_acc: 0.6687, top5_acc: 1.0000, loss_cls: 0.8901, loss: 0.8901, grad_norm: 0.6929
2025-10-14 19:39:00,842 - pyskl - INFO - Epoch [2][120/125]	lr: 3.935e-01, eta: 0:26:04, time: 0.432, data_time: 0.313, memory: 3644, top1_acc: 0.6531, top5_acc: 1.0000, loss_cls: 0.8794, loss: 0.8794, grad_norm: 0.5882
2025-10-14 19:39:02,590 - pyskl - INFO - Saving checkpoint at 2 epochs
2025-10-14 19:39:25,902 - pyskl - INFO - Epoch [3][20/125]	lr: 3.921e-01, eta: 0:27:22, time: 1.162, data_time: 1.011, memory: 3644, top1_acc: 0.6875, top5_acc: 1.0000, loss_cls: 0.8198, loss: 0.8198, grad_norm: 0.6358
2025-10-14 19:39:34,702 - pyskl - INFO - Epoch [3][40/125]	lr: 3.909e-01, eta: 0:26:38, time: 0.432, data_time: 0.296, memory: 3644, top1_acc: 0.7438, top5_acc: 1.0000, loss_cls: 0.7051, loss: 0.7051, grad_norm: 0.5548
2025-10-14 19:39:43,694 - pyskl - INFO - Epoch [3][60/125]	lr: 3.896e-01, eta: 0:26:03, time: 0.458, data_time: 0.326, memory: 3644, top1_acc: 0.7594, top5_acc: 1.0000, loss_cls: 0.6360, loss: 0.6360, grad_norm: 0.5710
2025-10-14 19:39:52,809 - pyskl - INFO - Epoch [3][80/125]	lr: 3.882e-01, eta: 0:25:31, time: 0.456, data_time: 0.342, memory: 3644, top1_acc: 0.7406, top5_acc: 1.0000, loss_cls: 0.6981, loss: 0.6981, grad_norm: 0.7408
2025-10-14 19:40:02,162 - pyskl - INFO - Epoch [3][100/125]	lr: 3.868e-01, eta: 0:25:04, time: 0.468, data_time: 0.350, memory: 3644, top1_acc: 0.7891, top5_acc: 1.0000, loss_cls: 0.6180, loss: 0.6180, grad_norm: 0.6310
2025-10-14 19:40:11,288 - pyskl - INFO - Epoch [3][120/125]	lr: 3.853e-01, eta: 0:24:37, time: 0.456, data_time: 0.345, memory: 3644, top1_acc: 0.7562, top5_acc: 1.0000, loss_cls: 0.6960, loss: 0.6960, grad_norm: 0.6791
2025-10-14 19:40:13,346 - pyskl - INFO - Saving checkpoint at 3 epochs
2025-10-14 19:40:41,740 - pyskl - INFO - Epoch [4][20/125]	lr: 3.832e-01, eta: 0:25:57, time: 1.416, data_time: 1.289, memory: 3644, top1_acc: 0.7672, top5_acc: 1.0000, loss_cls: 0.5906, loss: 0.5906, grad_norm: 0.6035
2025-10-14 19:40:50,602 - pyskl - INFO - Epoch [4][40/125]	lr: 3.815e-01, eta: 0:25:25, time: 0.443, data_time: 0.311, memory: 3644, top1_acc: 0.7922, top5_acc: 1.0000, loss_cls: 0.6241, loss: 0.6241, grad_norm: 0.6072
2025-10-14 19:40:58,852 - pyskl - INFO - Epoch [4][60/125]	lr: 3.797e-01, eta: 0:24:53, time: 0.413, data_time: 0.302, memory: 3644, top1_acc: 0.7656, top5_acc: 1.0000, loss_cls: 0.6493, loss: 0.6493, grad_norm: 0.6057
2025-10-14 19:41:08,147 - pyskl - INFO - Epoch [4][80/125]	lr: 3.778e-01, eta: 0:24:28, time: 0.465, data_time: 0.352, memory: 3644, top1_acc: 0.8391, top5_acc: 1.0000, loss_cls: 0.4469, loss: 0.4469, grad_norm: 0.4814
2025-10-14 19:41:17,008 - pyskl - INFO - Epoch [4][100/125]	lr: 3.759e-01, eta: 0:24:02, time: 0.443, data_time: 0.322, memory: 3644, top1_acc: 0.8266, top5_acc: 1.0000, loss_cls: 0.5234, loss: 0.5234, grad_norm: 0.6680
2025-10-14 19:41:26,097 - pyskl - INFO - Epoch [4][120/125]	lr: 3.738e-01, eta: 0:23:39, time: 0.455, data_time: 0.338, memory: 3644, top1_acc: 0.8203, top5_acc: 1.0000, loss_cls: 0.5182, loss: 0.5182, grad_norm: 0.5812
2025-10-14 19:41:28,235 - pyskl - INFO - Saving checkpoint at 4 epochs
2025-10-14 19:41:51,765 - pyskl - INFO - Epoch [5][20/125]	lr: 3.712e-01, eta: 0:24:09, time: 1.174, data_time: 1.061, memory: 3644, top1_acc: 0.8375, top5_acc: 1.0000, loss_cls: 0.4342, loss: 0.4342, grad_norm: 0.5608
2025-10-14 19:42:01,510 - pyskl - INFO - Epoch [5][40/125]	lr: 3.690e-01, eta: 0:23:49, time: 0.487, data_time: 0.368, memory: 3644, top1_acc: 0.7828, top5_acc: 1.0000, loss_cls: 0.6032, loss: 0.6032, grad_norm: 0.7012
2025-10-14 19:42:10,297 - pyskl - INFO - Epoch [5][60/125]	lr: 3.667e-01, eta: 0:23:25, time: 0.439, data_time: 0.324, memory: 3644, top1_acc: 0.8484, top5_acc: 1.0000, loss_cls: 0.4788, loss: 0.4788, grad_norm: 0.5292
2025-10-14 19:42:19,105 - pyskl - INFO - Epoch [5][80/125]	lr: 3.643e-01, eta: 0:23:02, time: 0.440, data_time: 0.318, memory: 3644, top1_acc: 0.8406, top5_acc: 1.0000, loss_cls: 0.4395, loss: 0.4395, grad_norm: 0.5970
2025-10-14 19:42:27,312 - pyskl - INFO - Epoch [5][100/125]	lr: 3.619e-01, eta: 0:22:37, time: 0.410, data_time: 0.282, memory: 3644, top1_acc: 0.8703, top5_acc: 1.0000, loss_cls: 0.3522, loss: 0.3522, grad_norm: 0.5134
2025-10-14 19:42:36,838 - pyskl - INFO - Epoch [5][120/125]	lr: 3.594e-01, eta: 0:22:19, time: 0.477, data_time: 0.367, memory: 3644, top1_acc: 0.8297, top5_acc: 1.0000, loss_cls: 0.4412, loss: 0.4412, grad_norm: 0.6662
2025-10-14 19:42:38,433 - pyskl - INFO - Saving checkpoint at 5 epochs
2025-10-14 19:43:02,497 - pyskl - INFO - Epoch [6][20/125]	lr: 3.562e-01, eta: 0:22:41, time: 1.200, data_time: 1.090, memory: 3644, top1_acc: 0.8203, top5_acc: 1.0000, loss_cls: 0.5139, loss: 0.5139, grad_norm: 0.7000
2025-10-14 19:43:12,107 - pyskl - INFO - Epoch [6][40/125]	lr: 3.536e-01, eta: 0:22:23, time: 0.480, data_time: 0.352, memory: 3644, top1_acc: 0.8641, top5_acc: 1.0000, loss_cls: 0.3862, loss: 0.3862, grad_norm: 0.4681
2025-10-14 19:43:21,921 - pyskl - INFO - Epoch [6][60/125]	lr: 3.509e-01, eta: 0:22:06, time: 0.491, data_time: 0.379, memory: 3644, top1_acc: 0.8422, top5_acc: 1.0000, loss_cls: 0.4233, loss: 0.4233, grad_norm: 0.5689
2025-10-14 19:43:30,894 - pyskl - INFO - Epoch [6][80/125]	lr: 3.481e-01, eta: 0:21:46, time: 0.449, data_time: 0.335, memory: 3644, top1_acc: 0.8953, top5_acc: 1.0000, loss_cls: 0.3043, loss: 0.3043, grad_norm: 0.5247
2025-10-14 19:43:39,888 - pyskl - INFO - Epoch [6][100/125]	lr: 3.452e-01, eta: 0:21:27, time: 0.450, data_time: 0.332, memory: 3644, top1_acc: 0.8375, top5_acc: 1.0000, loss_cls: 0.4982, loss: 0.4982, grad_norm: 0.7589
2025-10-14 19:43:48,882 - pyskl - INFO - Epoch [6][120/125]	lr: 3.423e-01, eta: 0:21:09, time: 0.450, data_time: 0.344, memory: 3644, top1_acc: 0.8266, top5_acc: 1.0000, loss_cls: 0.5331, loss: 0.5331, grad_norm: 0.6812
2025-10-14 19:43:50,794 - pyskl - INFO - Saving checkpoint at 6 epochs
2025-10-14 19:44:14,955 - pyskl - INFO - Epoch [7][20/125]	lr: 3.386e-01, eta: 0:21:24, time: 1.205, data_time: 1.086, memory: 3644, top1_acc: 0.8891, top5_acc: 1.0000, loss_cls: 0.3376, loss: 0.3376, grad_norm: 0.4502
2025-10-14 19:44:24,405 - pyskl - INFO - Epoch [7][40/125]	lr: 3.355e-01, eta: 0:21:07, time: 0.472, data_time: 0.360, memory: 3644, top1_acc: 0.8734, top5_acc: 1.0000, loss_cls: 0.3533, loss: 0.3533, grad_norm: 0.6086
2025-10-14 19:44:33,935 - pyskl - INFO - Epoch [7][60/125]	lr: 3.324e-01, eta: 0:20:50, time: 0.477, data_time: 0.349, memory: 3644, top1_acc: 0.8656, top5_acc: 1.0000, loss_cls: 0.3520, loss: 0.3520, grad_norm: 0.5392
2025-10-14 19:44:42,914 - pyskl - INFO - Epoch [7][80/125]	lr: 3.293e-01, eta: 0:20:32, time: 0.449, data_time: 0.344, memory: 3644, top1_acc: 0.8531, top5_acc: 1.0000, loss_cls: 0.4102, loss: 0.4102, grad_norm: 0.5946
2025-10-14 19:44:51,646 - pyskl - INFO - Epoch [7][100/125]	lr: 3.260e-01, eta: 0:20:14, time: 0.437, data_time: 0.327, memory: 3644, top1_acc: 0.8859, top5_acc: 1.0000, loss_cls: 0.3634, loss: 0.3634, grad_norm: 0.4802
2025-10-14 19:45:00,097 - pyskl - INFO - Epoch [7][120/125]	lr: 3.227e-01, eta: 0:19:56, time: 0.423, data_time: 0.286, memory: 3644, top1_acc: 0.8609, top5_acc: 1.0000, loss_cls: 0.4032, loss: 0.4032, grad_norm: 0.6241
2025-10-14 19:45:02,972 - pyskl - INFO - Saving checkpoint at 7 epochs
2025-10-14 19:45:26,350 - pyskl - INFO - Epoch [8][20/125]	lr: 3.186e-01, eta: 0:20:04, time: 1.164, data_time: 1.046, memory: 3644, top1_acc: 0.8766, top5_acc: 1.0000, loss_cls: 0.3105, loss: 0.3105, grad_norm: 0.4785
2025-10-14 19:45:36,062 - pyskl - INFO - Epoch [8][40/125]	lr: 3.152e-01, eta: 0:19:48, time: 0.487, data_time: 0.376, memory: 3644, top1_acc: 0.8984, top5_acc: 1.0000, loss_cls: 0.2870, loss: 0.2870, grad_norm: 0.5191
2025-10-14 19:45:45,764 - pyskl - INFO - Epoch [8][60/125]	lr: 3.117e-01, eta: 0:19:33, time: 0.482, data_time: 0.363, memory: 3644, top1_acc: 0.8844, top5_acc: 1.0000, loss_cls: 0.3678, loss: 0.3678, grad_norm: 0.6362
2025-10-14 19:45:54,525 - pyskl - INFO - Epoch [8][80/125]	lr: 3.082e-01, eta: 0:19:16, time: 0.441, data_time: 0.329, memory: 3644, top1_acc: 0.8438, top5_acc: 1.0000, loss_cls: 0.4466, loss: 0.4466, grad_norm: 0.7182
2025-10-14 19:46:03,560 - pyskl - INFO - Epoch [8][100/125]	lr: 3.047e-01, eta: 0:19:00, time: 0.452, data_time: 0.342, memory: 3644, top1_acc: 0.8672, top5_acc: 1.0000, loss_cls: 0.3954, loss: 0.3954, grad_norm: 0.5102
2025-10-14 19:46:12,571 - pyskl - INFO - Epoch [8][120/125]	lr: 3.011e-01, eta: 0:18:44, time: 0.451, data_time: 0.334, memory: 3644, top1_acc: 0.8438, top5_acc: 1.0000, loss_cls: 0.4244, loss: 0.4244, grad_norm: 0.6001
2025-10-14 19:46:14,837 - pyskl - INFO - Saving checkpoint at 8 epochs
2025-10-14 19:46:38,488 - pyskl - INFO - Epoch [9][20/125]	lr: 2.965e-01, eta: 0:18:49, time: 1.180, data_time: 1.038, memory: 3644, top1_acc: 0.9203, top5_acc: 1.0000, loss_cls: 0.2496, loss: 0.2496, grad_norm: 0.3888
2025-10-14 19:46:47,563 - pyskl - INFO - Epoch [9][40/125]	lr: 2.928e-01, eta: 0:18:33, time: 0.454, data_time: 0.321, memory: 3644, top1_acc: 0.8906, top5_acc: 1.0000, loss_cls: 0.3002, loss: 0.3002, grad_norm: 0.5443
2025-10-14 19:46:56,608 - pyskl - INFO - Epoch [9][60/125]	lr: 2.891e-01, eta: 0:18:17, time: 0.452, data_time: 0.339, memory: 3644, top1_acc: 0.8922, top5_acc: 1.0000, loss_cls: 0.3277, loss: 0.3277, grad_norm: 0.5866
2025-10-14 19:47:06,264 - pyskl - INFO - Epoch [9][80/125]	lr: 2.853e-01, eta: 0:18:03, time: 0.483, data_time: 0.374, memory: 3644, top1_acc: 0.8875, top5_acc: 1.0000, loss_cls: 0.3567, loss: 0.3567, grad_norm: 0.5792
2025-10-14 19:47:15,435 - pyskl - INFO - Epoch [9][100/125]	lr: 2.815e-01, eta: 0:17:48, time: 0.459, data_time: 0.348, memory: 3644, top1_acc: 0.8719, top5_acc: 1.0000, loss_cls: 0.3641, loss: 0.3641, grad_norm: 0.5757
2025-10-14 19:47:24,303 - pyskl - INFO - Epoch [9][120/125]	lr: 2.777e-01, eta: 0:17:33, time: 0.443, data_time: 0.334, memory: 3644, top1_acc: 0.8906, top5_acc: 1.0000, loss_cls: 0.3035, loss: 0.3035, grad_norm: 0.5448
2025-10-14 19:47:26,366 - pyskl - INFO - Saving checkpoint at 9 epochs
2025-10-14 19:47:50,404 - pyskl - INFO - Epoch [10][20/125]	lr: 2.728e-01, eta: 0:17:35, time: 1.199, data_time: 1.078, memory: 3644, top1_acc: 0.9203, top5_acc: 1.0000, loss_cls: 0.2178, loss: 0.2178, grad_norm: 0.4832
2025-10-14 19:47:59,285 - pyskl - INFO - Epoch [10][40/125]	lr: 2.689e-01, eta: 0:17:20, time: 0.444, data_time: 0.319, memory: 3644, top1_acc: 0.9281, top5_acc: 1.0000, loss_cls: 0.2244, loss: 0.2244, grad_norm: 0.5120
2025-10-14 19:48:08,610 - pyskl - INFO - Epoch [10][60/125]	lr: 2.650e-01, eta: 0:17:05, time: 0.466, data_time: 0.349, memory: 3644, top1_acc: 0.9047, top5_acc: 1.0000, loss_cls: 0.2938, loss: 0.2938, grad_norm: 0.6297
2025-10-14 19:48:17,710 - pyskl - INFO - Epoch [10][80/125]	lr: 2.610e-01, eta: 0:16:51, time: 0.455, data_time: 0.347, memory: 3644, top1_acc: 0.9125, top5_acc: 1.0000, loss_cls: 0.2666, loss: 0.2666, grad_norm: 0.5330
2025-10-14 19:48:27,225 - pyskl - INFO - Epoch [10][100/125]	lr: 2.570e-01, eta: 0:16:37, time: 0.476, data_time: 0.347, memory: 3644, top1_acc: 0.8844, top5_acc: 1.0000, loss_cls: 0.3626, loss: 0.3626, grad_norm: 0.6515
2025-10-14 19:48:36,032 - pyskl - INFO - Epoch [10][120/125]	lr: 2.530e-01, eta: 0:16:22, time: 0.440, data_time: 0.330, memory: 3644, top1_acc: 0.8906, top5_acc: 1.0000, loss_cls: 0.3062, loss: 0.3062, grad_norm: 0.5700
2025-10-14 19:48:37,738 - pyskl - INFO - Saving checkpoint at 10 epochs
2025-10-14 19:49:01,379 - pyskl - INFO - Epoch [11][20/125]	lr: 2.479e-01, eta: 0:16:21, time: 1.179, data_time: 1.070, memory: 3644, top1_acc: 0.9141, top5_acc: 1.0000, loss_cls: 0.2503, loss: 0.2503, grad_norm: 0.5075
2025-10-14 19:49:10,762 - pyskl - INFO - Epoch [11][40/125]	lr: 2.438e-01, eta: 0:16:07, time: 0.469, data_time: 0.347, memory: 3644, top1_acc: 0.9078, top5_acc: 1.0000, loss_cls: 0.2671, loss: 0.2671, grad_norm: 0.5161
2025-10-14 19:49:18,896 - pyskl - INFO - Epoch [11][60/125]	lr: 2.397e-01, eta: 0:15:52, time: 0.407, data_time: 0.291, memory: 3644, top1_acc: 0.9156, top5_acc: 1.0000, loss_cls: 0.2734, loss: 0.2734, grad_norm: 0.5422
2025-10-14 19:49:28,749 - pyskl - INFO - Epoch [11][80/125]	lr: 2.356e-01, eta: 0:15:39, time: 0.493, data_time: 0.368, memory: 3644, top1_acc: 0.9141, top5_acc: 1.0000, loss_cls: 0.2328, loss: 0.2328, grad_norm: 0.5350
2025-10-14 19:49:37,601 - pyskl - INFO - Epoch [11][100/125]	lr: 2.315e-01, eta: 0:15:25, time: 0.443, data_time: 0.310, memory: 3644, top1_acc: 0.9344, top5_acc: 1.0000, loss_cls: 0.2155, loss: 0.2155, grad_norm: 0.5467
2025-10-14 19:49:46,601 - pyskl - INFO - Epoch [11][120/125]	lr: 2.274e-01, eta: 0:15:11, time: 0.450, data_time: 0.322, memory: 3644, top1_acc: 0.9359, top5_acc: 1.0000, loss_cls: 0.2147, loss: 0.2147, grad_norm: 0.5052
2025-10-14 19:49:48,372 - pyskl - INFO - Saving checkpoint at 11 epochs
2025-10-14 19:50:11,730 - pyskl - INFO - Epoch [12][20/125]	lr: 2.222e-01, eta: 0:15:08, time: 1.165, data_time: 1.056, memory: 3644, top1_acc: 0.9172, top5_acc: 1.0000, loss_cls: 0.2132, loss: 0.2132, grad_norm: 0.4812
2025-10-14 19:50:20,973 - pyskl - INFO - Epoch [12][40/125]	lr: 2.180e-01, eta: 0:14:54, time: 0.462, data_time: 0.343, memory: 3644, top1_acc: 0.9266, top5_acc: 1.0000, loss_cls: 0.2342, loss: 0.2342, grad_norm: 0.5903
2025-10-14 19:50:29,831 - pyskl - INFO - Epoch [12][60/125]	lr: 2.138e-01, eta: 0:14:40, time: 0.443, data_time: 0.326, memory: 3644, top1_acc: 0.9313, top5_acc: 1.0000, loss_cls: 0.1698, loss: 0.1698, grad_norm: 0.4663
2025-10-14 19:50:39,094 - pyskl - INFO - Epoch [12][80/125]	lr: 2.096e-01, eta: 0:14:27, time: 0.463, data_time: 0.346, memory: 3644, top1_acc: 0.9234, top5_acc: 1.0000, loss_cls: 0.1943, loss: 0.1943, grad_norm: 0.5280
2025-10-14 19:50:48,203 - pyskl - INFO - Epoch [12][100/125]	lr: 2.054e-01, eta: 0:14:13, time: 0.455, data_time: 0.346, memory: 3644, top1_acc: 0.9500, top5_acc: 1.0000, loss_cls: 0.1415, loss: 0.1415, grad_norm: 0.3968
2025-10-14 19:50:56,554 - pyskl - INFO - Epoch [12][120/125]	lr: 2.013e-01, eta: 0:13:59, time: 0.418, data_time: 0.305, memory: 3644, top1_acc: 0.9203, top5_acc: 1.0000, loss_cls: 0.2194, loss: 0.2194, grad_norm: 0.5784
2025-10-14 19:50:58,883 - pyskl - INFO - Saving checkpoint at 12 epochs
2025-10-14 19:51:22,449 - pyskl - INFO - Epoch [13][20/125]	lr: 1.960e-01, eta: 0:13:55, time: 1.176, data_time: 1.049, memory: 3644, top1_acc: 0.9437, top5_acc: 1.0000, loss_cls: 0.1683, loss: 0.1683, grad_norm: 0.4696
2025-10-14 19:51:32,064 - pyskl - INFO - Epoch [13][40/125]	lr: 1.918e-01, eta: 0:13:42, time: 0.481, data_time: 0.372, memory: 3644, top1_acc: 0.9391, top5_acc: 1.0000, loss_cls: 0.1745, loss: 0.1745, grad_norm: 0.5320
2025-10-14 19:51:41,257 - pyskl - INFO - Epoch [13][60/125]	lr: 1.877e-01, eta: 0:13:29, time: 0.460, data_time: 0.349, memory: 3644, top1_acc: 0.9125, top5_acc: 1.0000, loss_cls: 0.2202, loss: 0.2202, grad_norm: 0.6619
2025-10-14 19:51:50,203 - pyskl - INFO - Epoch [13][80/125]	lr: 1.835e-01, eta: 0:13:15, time: 0.447, data_time: 0.336, memory: 3644, top1_acc: 0.9297, top5_acc: 1.0000, loss_cls: 0.1773, loss: 0.1773, grad_norm: 0.4536
2025-10-14 19:51:59,381 - pyskl - INFO - Epoch [13][100/125]	lr: 1.793e-01, eta: 0:13:02, time: 0.459, data_time: 0.349, memory: 3644, top1_acc: 0.9313, top5_acc: 1.0000, loss_cls: 0.1917, loss: 0.1917, grad_norm: 0.5824
2025-10-14 19:52:09,110 - pyskl - INFO - Epoch [13][120/125]	lr: 1.751e-01, eta: 0:12:50, time: 0.486, data_time: 0.367, memory: 3644, top1_acc: 0.9156, top5_acc: 1.0000, loss_cls: 0.2439, loss: 0.2439, grad_norm: 0.6810
2025-10-14 19:52:10,948 - pyskl - INFO - Saving checkpoint at 13 epochs
2025-10-14 19:52:35,105 - pyskl - INFO - Epoch [14][20/125]	lr: 1.700e-01, eta: 0:12:44, time: 1.205, data_time: 1.100, memory: 3644, top1_acc: 0.9437, top5_acc: 1.0000, loss_cls: 0.1822, loss: 0.1822, grad_norm: 0.4464
2025-10-14 19:52:44,213 - pyskl - INFO - Epoch [14][40/125]	lr: 1.658e-01, eta: 0:12:31, time: 0.455, data_time: 0.330, memory: 3644, top1_acc: 0.9250, top5_acc: 1.0000, loss_cls: 0.2088, loss: 0.2088, grad_norm: 0.5926
2025-10-14 19:52:53,470 - pyskl - INFO - Epoch [14][60/125]	lr: 1.617e-01, eta: 0:12:18, time: 0.463, data_time: 0.360, memory: 3644, top1_acc: 0.9328, top5_acc: 1.0000, loss_cls: 0.1833, loss: 0.1833, grad_norm: 0.5596
2025-10-14 19:53:02,851 - pyskl - INFO - Epoch [14][80/125]	lr: 1.576e-01, eta: 0:12:06, time: 0.469, data_time: 0.354, memory: 3644, top1_acc: 0.9531, top5_acc: 1.0000, loss_cls: 0.1328, loss: 0.1328, grad_norm: 0.3951
2025-10-14 19:53:11,480 - pyskl - INFO - Epoch [14][100/125]	lr: 1.535e-01, eta: 0:11:53, time: 0.431, data_time: 0.304, memory: 3644, top1_acc: 0.9547, top5_acc: 1.0000, loss_cls: 0.1359, loss: 0.1359, grad_norm: 0.4522
2025-10-14 19:53:21,026 - pyskl - INFO - Epoch [14][120/125]	lr: 1.495e-01, eta: 0:11:40, time: 0.477, data_time: 0.365, memory: 3644, top1_acc: 0.9594, top5_acc: 1.0000, loss_cls: 0.1542, loss: 0.1542, grad_norm: 0.4657
2025-10-14 19:53:23,082 - pyskl - INFO - Saving checkpoint at 14 epochs
2025-10-14 19:53:47,922 - pyskl - INFO - Epoch [15][20/125]	lr: 1.444e-01, eta: 0:11:34, time: 1.239, data_time: 1.125, memory: 3644, top1_acc: 0.9594, top5_acc: 1.0000, loss_cls: 0.1161, loss: 0.1161, grad_norm: 0.4223
2025-10-14 19:53:56,524 - pyskl - INFO - Epoch [15][40/125]	lr: 1.404e-01, eta: 0:11:21, time: 0.430, data_time: 0.314, memory: 3644, top1_acc: 0.9547, top5_acc: 1.0000, loss_cls: 0.1230, loss: 0.1230, grad_norm: 0.4730
2025-10-14 19:54:06,096 - pyskl - INFO - Epoch [15][60/125]	lr: 1.364e-01, eta: 0:11:08, time: 0.479, data_time: 0.361, memory: 3644, top1_acc: 0.9609, top5_acc: 1.0000, loss_cls: 0.1155, loss: 0.1155, grad_norm: 0.4908
2025-10-14 19:54:15,098 - pyskl - INFO - Epoch [15][80/125]	lr: 1.324e-01, eta: 0:10:56, time: 0.450, data_time: 0.336, memory: 3644, top1_acc: 0.9516, top5_acc: 1.0000, loss_cls: 0.1327, loss: 0.1327, grad_norm: 0.5132
2025-10-14 19:54:24,209 - pyskl - INFO - Epoch [15][100/125]	lr: 1.285e-01, eta: 0:10:43, time: 0.456, data_time: 0.342, memory: 3644, top1_acc: 0.9672, top5_acc: 1.0000, loss_cls: 0.1108, loss: 0.1108, grad_norm: 0.4301
2025-10-14 19:54:33,201 - pyskl - INFO - Epoch [15][120/125]	lr: 1.246e-01, eta: 0:10:31, time: 0.450, data_time: 0.339, memory: 3644, top1_acc: 0.9578, top5_acc: 1.0000, loss_cls: 0.1344, loss: 0.1344, grad_norm: 0.5221
2025-10-14 19:54:35,103 - pyskl - INFO - Saving checkpoint at 15 epochs
2025-10-14 19:54:58,454 - pyskl - INFO - Epoch [16][20/125]	lr: 1.198e-01, eta: 0:10:22, time: 1.165, data_time: 1.040, memory: 3644, top1_acc: 0.9531, top5_acc: 1.0000, loss_cls: 0.1449, loss: 0.1449, grad_norm: 0.6420
2025-10-14 19:55:07,302 - pyskl - INFO - Epoch [16][40/125]	lr: 1.160e-01, eta: 0:10:09, time: 0.442, data_time: 0.330, memory: 3644, top1_acc: 0.9703, top5_acc: 1.0000, loss_cls: 0.0955, loss: 0.0955, grad_norm: 0.4264
2025-10-14 19:55:16,341 - pyskl - INFO - Epoch [16][60/125]	lr: 1.122e-01, eta: 0:09:57, time: 0.452, data_time: 0.343, memory: 3644, top1_acc: 0.9516, top5_acc: 1.0000, loss_cls: 0.1335, loss: 0.1335, grad_norm: 0.5147
2025-10-14 19:55:26,522 - pyskl - INFO - Epoch [16][80/125]	lr: 1.085e-01, eta: 0:09:45, time: 0.509, data_time: 0.385, memory: 3644, top1_acc: 0.9688, top5_acc: 1.0000, loss_cls: 0.1005, loss: 0.1005, grad_norm: 0.4209
2025-10-14 19:55:35,709 - pyskl - INFO - Epoch [16][100/125]	lr: 1.048e-01, eta: 0:09:33, time: 0.459, data_time: 0.338, memory: 3644, top1_acc: 0.9719, top5_acc: 1.0000, loss_cls: 0.0846, loss: 0.0846, grad_norm: 0.3700
2025-10-14 19:55:44,759 - pyskl - INFO - Epoch [16][120/125]	lr: 1.011e-01, eta: 0:09:21, time: 0.453, data_time: 0.331, memory: 3644, top1_acc: 0.9625, top5_acc: 1.0000, loss_cls: 0.1091, loss: 0.1091, grad_norm: 0.5104
2025-10-14 19:55:46,467 - pyskl - INFO - Saving checkpoint at 16 epochs
2025-10-14 19:56:10,062 - pyskl - INFO - Epoch [17][20/125]	lr: 9.657e-02, eta: 0:09:11, time: 1.177, data_time: 1.059, memory: 3644, top1_acc: 0.9797, top5_acc: 1.0000, loss_cls: 0.0706, loss: 0.0706, grad_norm: 0.3521
2025-10-14 19:56:18,708 - pyskl - INFO - Epoch [17][40/125]	lr: 9.301e-02, eta: 0:08:59, time: 0.432, data_time: 0.306, memory: 3644, top1_acc: 0.9859, top5_acc: 1.0000, loss_cls: 0.0612, loss: 0.0612, grad_norm: 0.3931
2025-10-14 19:56:27,640 - pyskl - INFO - Epoch [17][60/125]	lr: 8.950e-02, eta: 0:08:47, time: 0.447, data_time: 0.323, memory: 3644, top1_acc: 0.9719, top5_acc: 1.0000, loss_cls: 0.0908, loss: 0.0908, grad_norm: 0.4882
2025-10-14 19:56:37,156 - pyskl - INFO - Epoch [17][80/125]	lr: 8.603e-02, eta: 0:08:35, time: 0.476, data_time: 0.361, memory: 3644, top1_acc: 0.9797, top5_acc: 1.0000, loss_cls: 0.0588, loss: 0.0588, grad_norm: 0.3378
2025-10-14 19:56:46,234 - pyskl - INFO - Epoch [17][100/125]	lr: 8.261e-02, eta: 0:08:23, time: 0.454, data_time: 0.339, memory: 3644, top1_acc: 0.9750, top5_acc: 1.0000, loss_cls: 0.0797, loss: 0.0797, grad_norm: 0.4335
2025-10-14 19:56:55,809 - pyskl - INFO - Epoch [17][120/125]	lr: 7.925e-02, eta: 0:08:11, time: 0.479, data_time: 0.361, memory: 3644, top1_acc: 0.9750, top5_acc: 1.0000, loss_cls: 0.0796, loss: 0.0796, grad_norm: 0.4696
2025-10-14 19:56:57,594 - pyskl - INFO - Saving checkpoint at 17 epochs
2025-10-14 19:57:21,645 - pyskl - INFO - Epoch [18][20/125]	lr: 7.511e-02, eta: 0:08:01, time: 1.200, data_time: 1.066, memory: 3644, top1_acc: 0.9750, top5_acc: 1.0000, loss_cls: 0.0667, loss: 0.0667, grad_norm: 0.4137
2025-10-14 19:57:30,235 - pyskl - INFO - Epoch [18][40/125]	lr: 7.187e-02, eta: 0:07:48, time: 0.429, data_time: 0.305, memory: 3644, top1_acc: 0.9750, top5_acc: 1.0000, loss_cls: 0.0643, loss: 0.0643, grad_norm: 0.4136
2025-10-14 19:57:39,407 - pyskl - INFO - Epoch [18][60/125]	lr: 6.868e-02, eta: 0:07:36, time: 0.459, data_time: 0.333, memory: 3644, top1_acc: 0.9844, top5_acc: 1.0000, loss_cls: 0.0457, loss: 0.0457, grad_norm: 0.2979
2025-10-14 19:57:48,751 - pyskl - INFO - Epoch [18][80/125]	lr: 6.555e-02, eta: 0:07:25, time: 0.467, data_time: 0.352, memory: 3644, top1_acc: 0.9766, top5_acc: 1.0000, loss_cls: 0.0549, loss: 0.0549, grad_norm: 0.3736
2025-10-14 19:57:57,961 - pyskl - INFO - Epoch [18][100/125]	lr: 6.248e-02, eta: 0:07:13, time: 0.460, data_time: 0.349, memory: 3644, top1_acc: 0.9859, top5_acc: 1.0000, loss_cls: 0.0488, loss: 0.0488, grad_norm: 0.3226
2025-10-14 19:58:06,791 - pyskl - INFO - Epoch [18][120/125]	lr: 5.947e-02, eta: 0:07:01, time: 0.441, data_time: 0.333, memory: 3644, top1_acc: 0.9781, top5_acc: 1.0000, loss_cls: 0.0603, loss: 0.0603, grad_norm: 0.3265
2025-10-14 19:58:09,034 - pyskl - INFO - Saving checkpoint at 18 epochs
2025-10-14 19:58:34,152 - pyskl - INFO - Epoch [19][20/125]	lr: 5.579e-02, eta: 0:06:50, time: 1.253, data_time: 1.140, memory: 3644, top1_acc: 0.9812, top5_acc: 1.0000, loss_cls: 0.0494, loss: 0.0494, grad_norm: 0.3511
2025-10-14 19:58:42,475 - pyskl - INFO - Epoch [19][40/125]	lr: 5.292e-02, eta: 0:06:38, time: 0.416, data_time: 0.296, memory: 3644, top1_acc: 0.9844, top5_acc: 1.0000, loss_cls: 0.0551, loss: 0.0551, grad_norm: 0.4004
2025-10-14 19:58:51,228 - pyskl - INFO - Epoch [19][60/125]	lr: 5.012e-02, eta: 0:06:26, time: 0.438, data_time: 0.321, memory: 3644, top1_acc: 0.9812, top5_acc: 1.0000, loss_cls: 0.0528, loss: 0.0528, grad_norm: 0.3110
2025-10-14 19:59:01,302 - pyskl - INFO - Epoch [19][80/125]	lr: 4.738e-02, eta: 0:06:15, time: 0.504, data_time: 0.392, memory: 3644, top1_acc: 0.9844, top5_acc: 1.0000, loss_cls: 0.0478, loss: 0.0478, grad_norm: 0.3049
2025-10-14 19:59:10,633 - pyskl - INFO - Epoch [19][100/125]	lr: 4.470e-02, eta: 0:06:03, time: 0.467, data_time: 0.343, memory: 3644, top1_acc: 0.9844, top5_acc: 1.0000, loss_cls: 0.0524, loss: 0.0524, grad_norm: 0.3466
2025-10-14 19:59:19,012 - pyskl - INFO - Epoch [19][120/125]	lr: 4.210e-02, eta: 0:05:51, time: 0.419, data_time: 0.298, memory: 3644, top1_acc: 0.9922, top5_acc: 1.0000, loss_cls: 0.0381, loss: 0.0381, grad_norm: 0.3175
2025-10-14 19:59:21,046 - pyskl - INFO - Saving checkpoint at 19 epochs
2025-10-14 19:59:44,157 - pyskl - INFO - Epoch [20][20/125]	lr: 3.894e-02, eta: 0:05:39, time: 1.152, data_time: 1.008, memory: 3644, top1_acc: 0.9875, top5_acc: 1.0000, loss_cls: 0.0412, loss: 0.0412, grad_norm: 0.3138
2025-10-14 19:59:53,189 - pyskl - INFO - Epoch [20][40/125]	lr: 3.649e-02, eta: 0:05:28, time: 0.453, data_time: 0.321, memory: 3644, top1_acc: 0.9859, top5_acc: 1.0000, loss_cls: 0.0506, loss: 0.0506, grad_norm: 0.3116
2025-10-14 20:00:02,523 - pyskl - INFO - Epoch [20][60/125]	lr: 3.411e-02, eta: 0:05:16, time: 0.467, data_time: 0.336, memory: 3644, top1_acc: 0.9859, top5_acc: 1.0000, loss_cls: 0.0501, loss: 0.0501, grad_norm: 0.3821
2025-10-14 20:00:11,299 - pyskl - INFO - Epoch [20][80/125]	lr: 3.181e-02, eta: 0:05:04, time: 0.439, data_time: 0.307, memory: 3644, top1_acc: 0.9906, top5_acc: 1.0000, loss_cls: 0.0417, loss: 0.0417, grad_norm: 0.3500
2025-10-14 20:00:20,227 - pyskl - INFO - Epoch [20][100/125]	lr: 2.958e-02, eta: 0:04:53, time: 0.446, data_time: 0.319, memory: 3644, top1_acc: 0.9875, top5_acc: 1.0000, loss_cls: 0.0337, loss: 0.0337, grad_norm: 0.2475
2025-10-14 20:00:29,145 - pyskl - INFO - Epoch [20][120/125]	lr: 2.743e-02, eta: 0:04:41, time: 0.446, data_time: 0.326, memory: 3644, top1_acc: 0.9938, top5_acc: 1.0000, loss_cls: 0.0339, loss: 0.0339, grad_norm: 0.2916
2025-10-14 20:00:31,116 - pyskl - INFO - Saving checkpoint at 20 epochs
2025-10-14 20:00:54,041 - pyskl - INFO - Epoch [21][20/125]	lr: 2.484e-02, eta: 0:04:29, time: 1.144, data_time: 1.005, memory: 3644, top1_acc: 0.9859, top5_acc: 1.0000, loss_cls: 0.0446, loss: 0.0446, grad_norm: 0.3676
2025-10-14 20:01:03,159 - pyskl - INFO - Epoch [21][40/125]	lr: 2.286e-02, eta: 0:04:17, time: 0.456, data_time: 0.326, memory: 3644, top1_acc: 0.9922, top5_acc: 1.0000, loss_cls: 0.0355, loss: 0.0355, grad_norm: 0.2846
2025-10-14 20:01:12,146 - pyskl - INFO - Epoch [21][60/125]	lr: 2.095e-02, eta: 0:04:06, time: 0.449, data_time: 0.323, memory: 3644, top1_acc: 0.9953, top5_acc: 1.0000, loss_cls: 0.0248, loss: 0.0248, grad_norm: 0.2406
2025-10-14 20:01:20,910 - pyskl - INFO - Epoch [21][80/125]	lr: 1.912e-02, eta: 0:03:54, time: 0.438, data_time: 0.321, memory: 3644, top1_acc: 0.9922, top5_acc: 1.0000, loss_cls: 0.0303, loss: 0.0303, grad_norm: 0.2633
2025-10-14 20:01:30,780 - pyskl - INFO - Epoch [21][100/125]	lr: 1.738e-02, eta: 0:03:43, time: 0.494, data_time: 0.378, memory: 3644, top1_acc: 0.9906, top5_acc: 1.0000, loss_cls: 0.0336, loss: 0.0336, grad_norm: 0.2652
2025-10-14 20:01:40,583 - pyskl - INFO - Epoch [21][120/125]	lr: 1.571e-02, eta: 0:03:31, time: 0.490, data_time: 0.376, memory: 3644, top1_acc: 0.9922, top5_acc: 1.0000, loss_cls: 0.0331, loss: 0.0331, grad_norm: 0.2745
2025-10-14 20:01:43,130 - pyskl - INFO - Saving checkpoint at 21 epochs
2025-10-14 20:02:07,705 - pyskl - INFO - Epoch [22][20/125]	lr: 1.374e-02, eta: 0:03:19, time: 1.226, data_time: 1.124, memory: 3644, top1_acc: 0.9906, top5_acc: 1.0000, loss_cls: 0.0376, loss: 0.0376, grad_norm: 0.3177
2025-10-14 20:02:16,339 - pyskl - INFO - Epoch [22][40/125]	lr: 1.225e-02, eta: 0:03:07, time: 0.432, data_time: 0.320, memory: 3644, top1_acc: 0.9844, top5_acc: 1.0000, loss_cls: 0.0372, loss: 0.0372, grad_norm: 0.2229
2025-10-14 20:02:25,672 - pyskl - INFO - Epoch [22][60/125]	lr: 1.085e-02, eta: 0:02:56, time: 0.467, data_time: 0.361, memory: 3644, top1_acc: 0.9938, top5_acc: 1.0000, loss_cls: 0.0288, loss: 0.0288, grad_norm: 0.2744
2025-10-14 20:02:35,312 - pyskl - INFO - Epoch [22][80/125]	lr: 9.531e-03, eta: 0:02:44, time: 0.482, data_time: 0.365, memory: 3644, top1_acc: 0.9906, top5_acc: 1.0000, loss_cls: 0.0370, loss: 0.0370, grad_norm: 0.3274
2025-10-14 20:02:44,371 - pyskl - INFO - Epoch [22][100/125]	lr: 8.296e-03, eta: 0:02:33, time: 0.453, data_time: 0.328, memory: 3644, top1_acc: 0.9859, top5_acc: 1.0000, loss_cls: 0.0446, loss: 0.0446, grad_norm: 0.3439
2025-10-14 20:02:53,359 - pyskl - INFO - Epoch [22][120/125]	lr: 7.144e-03, eta: 0:02:22, time: 0.449, data_time: 0.336, memory: 3644, top1_acc: 0.9969, top5_acc: 1.0000, loss_cls: 0.0206, loss: 0.0206, grad_norm: 0.1794
2025-10-14 20:02:55,866 - pyskl - INFO - Saving checkpoint at 22 epochs
2025-10-14 20:03:19,244 - pyskl - INFO - Epoch [23][20/125]	lr: 5.823e-03, eta: 0:02:08, time: 1.166, data_time: 1.047, memory: 3644, top1_acc: 0.9938, top5_acc: 1.0000, loss_cls: 0.0251, loss: 0.0251, grad_norm: 0.2441
2025-10-14 20:03:28,334 - pyskl - INFO - Epoch [23][40/125]	lr: 4.862e-03, eta: 0:01:57, time: 0.455, data_time: 0.329, memory: 3644, top1_acc: 0.9875, top5_acc: 1.0000, loss_cls: 0.0298, loss: 0.0298, grad_norm: 0.2025
2025-10-14 20:03:37,063 - pyskl - INFO - Epoch [23][60/125]	lr: 3.987e-03, eta: 0:01:46, time: 0.435, data_time: 0.306, memory: 3644, top1_acc: 0.9969, top5_acc: 1.0000, loss_cls: 0.0164, loss: 0.0164, grad_norm: 0.1607
2025-10-14 20:03:45,320 - pyskl - INFO - Epoch [23][80/125]	lr: 3.198e-03, eta: 0:01:34, time: 0.414, data_time: 0.278, memory: 3644, top1_acc: 0.9906, top5_acc: 1.0000, loss_cls: 0.0250, loss: 0.0250, grad_norm: 0.2082
2025-10-14 20:03:53,417 - pyskl - INFO - Epoch [23][100/125]	lr: 2.495e-03, eta: 0:01:23, time: 0.405, data_time: 0.264, memory: 3644, top1_acc: 0.9891, top5_acc: 1.0000, loss_cls: 0.0375, loss: 0.0375, grad_norm: 0.2323
2025-10-14 20:04:02,159 - pyskl - INFO - Epoch [23][120/125]	lr: 1.879e-03, eta: 0:01:12, time: 0.437, data_time: 0.318, memory: 3644, top1_acc: 1.0000, top5_acc: 1.0000, loss_cls: 0.0192, loss: 0.0192, grad_norm: 0.1381
2025-10-14 20:04:04,032 - pyskl - INFO - Saving checkpoint at 23 epochs
2025-10-14 20:04:25,893 - pyskl - INFO - Epoch [24][20/125]	lr: 1.231e-03, eta: 0:00:58, time: 1.090, data_time: 0.973, memory: 3644, top1_acc: 0.9922, top5_acc: 1.0000, loss_cls: 0.0271, loss: 0.0271, grad_norm: 0.2324
2025-10-14 20:04:34,451 - pyskl - INFO - Epoch [24][40/125]	lr: 8.105e-04, eta: 0:00:47, time: 0.428, data_time: 0.317, memory: 3644, top1_acc: 0.9938, top5_acc: 1.0000, loss_cls: 0.0241, loss: 0.0241, grad_norm: 0.2213
2025-10-14 20:04:43,471 - pyskl - INFO - Epoch [24][60/125]	lr: 4.775e-04, eta: 0:00:36, time: 0.451, data_time: 0.334, memory: 3644, top1_acc: 0.9953, top5_acc: 1.0000, loss_cls: 0.0243, loss: 0.0243, grad_norm: 0.2098
2025-10-14 20:04:52,209 - pyskl - INFO - Epoch [24][80/125]	lr: 2.320e-04, eta: 0:00:25, time: 0.437, data_time: 0.300, memory: 3644, top1_acc: 0.9938, top5_acc: 1.0000, loss_cls: 0.0287, loss: 0.0287, grad_norm: 0.2289
2025-10-14 20:05:00,132 - pyskl - INFO - Epoch [24][100/125]	lr: 7.413e-05, eta: 0:00:13, time: 0.396, data_time: 0.267, memory: 3644, top1_acc: 0.9875, top5_acc: 1.0000, loss_cls: 0.0409, loss: 0.0409, grad_norm: 0.2803
2025-10-14 20:05:08,742 - pyskl - INFO - Epoch [24][120/125]	lr: 3.948e-06, eta: 0:00:02, time: 0.430, data_time: 0.317, memory: 3644, top1_acc: 0.9859, top5_acc: 1.0000, loss_cls: 0.0329, loss: 0.0329, grad_norm: 0.2974
2025-10-14 20:05:10,836 - pyskl - INFO - Saving checkpoint at 24 epochs
